19-07-02 16:59:25.4404375 pid:26752 tid:1 sqltools Critical: 0 : An unhandled exception occurred: System.IO.FileLoadException: 
File name: 'System.Linq.Expressions, Version=0.0.0.0, Culture=neutral, PublicKeyToken=b03f5f7f11d50a3a'
   at System.Composition.TypedParts.Discovery.DiscoveredPart.GetActivator(DependencyAccessor definitionAccessor, IEnumerable`1 dependencies)
   at System.Composition.TypedParts.Discovery.DiscoveredExport.<>c__DisplayClass11_0.<GetExportDescriptorPromise>b__1(IEnumerable`1 deps)
   at System.Lazy`1.ViaFactory(LazyThreadSafetyMode mode)
   at System.Lazy`1.CreateValue()
   at System.Composition.Hosting.Core.ExportDescriptorPromise.GetDescriptor()
   at System.Linq.Enumerable.SelectIListIterator`2.ToArray()
   at System.Linq.Enumerable.ToArray[TSource](IEnumerable`1 source)
   at System.Composition.Hosting.Providers.ImportMany.ImportManyExportDescriptorProvider.<>c__3`1.<GetImportManyDescriptor>b__3_1(IEnumerable`1 d)
   at System.Lazy`1.ViaFactory(LazyThreadSafetyMode mode)
   at System.Lazy`1.CreateValue()
   at System.Composition.Hosting.Core.ExportDescriptorPromise.GetDescriptor()
   at System.Linq.Enumerable.SelectArrayIterator`2.ToArray()
   at System.Linq.Enumerable.ToArray[TSource](IEnumerable`1 source)
   at System.Composition.Hosting.Core.ExportDescriptorRegistryUpdate.Execute(CompositionContract contract)
   at System.Composition.Hosting.Core.ExportDescriptorRegistry.TryGetSingleForExport(CompositionContract exportKey, ExportDescriptor& defaultForExport)
   at System.Composition.Hosting.Core.LifetimeContext.TryGetExport(CompositionContract contract, Object& export)
   at System.Composition.CompositionContext.GetExport(CompositionContract contract)
   at System.Composition.CompositionContext.GetExports(Type exportType, String contractName)
   at Microsoft.SqlTools.Extensibility.ExtensionStore.GetExports[T]()
   at Microsoft.SqlTools.Extensibility.RegisteredServiceProvider.GetServicesImpl[T]()
   at Microsoft.SqlTools.Extensibility.ServiceProviderBase.GetServices[T]()
   at Microsoft.SqlTools.ServiceLayer.HostLoader.InitializeHostedServices(RegisteredServiceProvider provider, IProtocolEndpoint host)
   at Microsoft.SqlTools.ServiceLayer.HostLoader.InitializeRequestHandlersAndServices(ServiceHost serviceHost, SqlToolsContext sqlToolsContext)
   at Microsoft.SqlTools.ServiceLayer.HostLoader.CreateAndStartServiceHost(SqlToolsContext sqlToolsContext)
   at Microsoft.SqlTools.ServiceLayer.Program.Main(String[] args)


